<?xml version="1.0" encoding="UTF-8"?>
<!-- Generated by org.testng.reporters.JUnitXMLReporter -->
<testsuite hostname="LAPTOP-K9LRQJS4" name="Test" tests="4" failures="0" timestamp="10 Apr 2021 23:52:14 GMT" time="18.828" errors="0">
  <testcase name="test_1" time="4.428" classname="test.TestHome"/>
  <testcase name="test_2" time="0.288" classname="test.TestHome"/>
  <testcase name="test_3" time="3.167" classname="test.TestHome"/>
  <testcase name="test_4" time="1.747" classname="test.TestHome"/>
</testsuite> <!-- Test -->
